0 info it worked if it ends with ok
1 verbose cli [ 'node',
1 verbose cli   '/usr/local/bin/npm',
1 verbose cli   'install',
1 verbose cli   '-g',
1 verbose cli   'generator-karma' ]
2 info using npm@2.0.0-alpha-5
3 info using node@v0.10.28
4 verbose cache add [ 'generator-karma', null ]
5 verbose cache add spec="generator-karma" args=["generator-karma",null]
6 verbose parsed spec { raw: 'generator-karma',
6 verbose parsed spec   scope: null,
6 verbose parsed spec   name: 'generator-karma',
6 verbose parsed spec   rawSpec: '',
6 verbose parsed spec   spec: '*',
6 verbose parsed spec   type: 'range' }
7 verbose addNamed [ 'generator-karma', '*' ]
8 verbose addNamed [ null, '*' ]
9 silly lockFile cc83c75c-generator-karma generator-karma@*
10 verbose lock generator-karma@* /Users/ngmunyong/.npm/cc83c75c-generator-karma.lock
11 silly addNameRange { name: 'generator-karma', range: '*', hasData: false }
12 verbose mapToRegistry name generator-karma
13 verbose mapToRegistry uri https://registry.npmjs.org/generator-karma
14 verbose request where is /generator-karma
15 verbose request registry https://registry.npmjs.org/
16 verbose request id 39634ccf31cab9fc
17 verbose request url raw /generator-karma
18 verbose request url resolving [ 'https://registry.npmjs.org/', './generator-karma' ]
19 verbose request url resolved https://registry.npmjs.org/generator-karma
20 verbose request where is https://registry.npmjs.org/generator-karma
21 verbose request no basic auth needed
22 info trying registry request attempt 1 at 13:45:01
23 verbose etag "8DJZVIR1BXR2W395DD9EWI45C"
24 http GET https://registry.npmjs.org/generator-karma
25 http 304 https://registry.npmjs.org/generator-karma
26 silly registry.get cb [ 304,
26 silly registry.get   { date: 'Sun, 30 Nov 2014 02:45:02 GMT',
26 silly registry.get     server: 'Apache',
26 silly registry.get     via: '1.1 varnish',
26 silly registry.get     'last-modified': 'Sun, 30 Nov 2014 02:45:02 GMT',
26 silly registry.get     'cache-control': 'max-age=60',
26 silly registry.get     etag: '"8DJZVIR1BXR2W395DD9EWI45C"',
26 silly registry.get     age: '0',
26 silly registry.get     'x-served-by': 'cache-syd1620-SYD',
26 silly registry.get     'x-cache': 'MISS',
26 silly registry.get     'x-cache-hits': '0',
26 silly registry.get     'x-timer': 'S1417315502.071556,VS0,VE758',
26 silly registry.get     vary: 'Accept',
26 silly registry.get     'content-length': '0',
26 silly registry.get     'keep-alive': 'timeout=10, max=50',
26 silly registry.get     connection: 'Keep-Alive' } ]
27 verbose etag https://registry.npmjs.org/generator-karma from cache
28 silly addNameRange number 2 { name: 'generator-karma', range: '*', hasData: true }
29 silly addNameRange versions [ 'generator-karma',
29 silly addNameRange   [ '0.1.1',
29 silly addNameRange     '0.2.0',
29 silly addNameRange     '0.3.0',
29 silly addNameRange     '0.3.1',
29 silly addNameRange     '0.4.1',
29 silly addNameRange     '0.5.0',
29 silly addNameRange     '0.6.0',
29 silly addNameRange     '0.7.0',
29 silly addNameRange     '0.8.0',
29 silly addNameRange     '0.8.1',
29 silly addNameRange     '0.8.2',
29 silly addNameRange     '0.8.3' ] ]
30 verbose addNamed [ 'generator-karma', '0.8.3' ]
31 verbose addNamed [ '0.8.3', '0.8.3' ]
32 silly lockFile 5a8eefdd-generator-karma-0-8-3 generator-karma@0.8.3
33 verbose lock generator-karma@0.8.3 /Users/ngmunyong/.npm/5a8eefdd-generator-karma-0-8-3.lock
34 silly lockFile 5a8eefdd-generator-karma-0-8-3 generator-karma@0.8.3
35 silly lockFile 5a8eefdd-generator-karma-0-8-3 generator-karma@0.8.3
36 silly lockFile cc83c75c-generator-karma generator-karma@*
37 silly lockFile cc83c75c-generator-karma generator-karma@*
38 silly resolved [ { name: 'generator-karma',
38 silly resolved     version: '0.8.3',
38 silly resolved     description: 'Yeoman generator for Karma',
38 silly resolved     license: 'BSD',
38 silly resolved     main: 'app/index.js',
38 silly resolved     repository: { type: 'git', url: 'git://github.com/yeoman/generator-karma' },
38 silly resolved     author: { name: 'The Yeoman Team' },
38 silly resolved     engines: { node: '>=0.10.0', npm: '>=1.2.10' },
38 silly resolved     scripts: { test: 'mocha --reporter spec' },
38 silly resolved     files: [ 'app', 'templates' ],
38 silly resolved     keywords: [ 'yeoman-generator', 'scaffold', 'test', 'runner', 'karma' ],
38 silly resolved     dependencies: { underscore: '^1.6.0', 'yeoman-generator': '^0.17.0' },
38 silly resolved     devDependencies: { mocha: '*' },
38 silly resolved     peerDependencies: { yo: '>=1.0.0' },
38 silly resolved     readme: '# Karma generator [![Build Status](https://secure.travis-ci.org/yeoman/generator-karma.svg?branch=master)](http://travis-ci.org/yeoman/generator-karma)\n\nSee the [Karma documentation](http://karma-runner.github.com/) for more info.\n\n\n## Why Karma?\n\nKarma runs the tests in the browser, but reports them in the CLI. This greatly improves your workflow by giving you constant, accurate feedback on the status of your tests.\n\n\n## Usage\n\nInstall it globally `npm install -g generator-karma`.\n\nRunning `yo karma` will generate a config file for your project: `karma.conf.js`. It will then install the npm dependencies.\n\nBy default, running `yo karma` will generate a pretty boring (and almost useless) config file. The real power is using the options to specify almost every part of the config file.\n\nNote that you\'ll need to update your `Gruntfile.js` if you don\'t specify the `--gruntfile-path` option.\n\n\n## Options\n\nThere are a lot of options going on here. None of them are required and most are probably only useful when used with other generators calling this one.\n\nOptions are specified after `yo karma`. Example:\n\n`yo karma --skip-install --test-framework=jasmine --app-files=\'app/**/*.js,public/**/*.js\'`\n\nThe full list:\n\n * `--skip-install` Type: Boolean, Default: false\n\n  Skips the automatic execution of `npm` after scaffolding has finished.\n\n * `--coffee` Type: Boolean, Default: false\n\n  Use CoffeeScript instead of JavaScript.\n\n * `--test-framework` Type: String, Default: \'jasmine\'\n\n  Specifies which testing framework to use.\n\n * `--browsers` Type: String, Default: \'PhantomJS\'\n\n  What browsers to test in (CSV list).\n\n * `--app-files` Type: String, Default: \'\'\n\n  List of application files (CSV list). There are purely the files you edit that make up your test.\n\n * `--test-files` Type: String, Default: \'\'\n\n  List of test files (CSV list), including spec and mock files.\n\n * `--exclude-files` Type: String, Default: \'\'\n\n  List of files to exclude (CSV list). Files you don\'t want tested.\n\n * `--plugins` Type: String, Default: \'\'\n\n  Specify Karma plugins (npm modules). Use the full name like `karma-junit-reporter`.\n\n * `--bower-components` Type: String, Default: \'\'\n\n  Optional components to use for testing (CSV list of components).\n\n * `--bower-components-path` Type: String, Default: \'bower_components\'\n\n  Directory where Bower components are installed, if not in the default location.\n\n * `--travis` Type: Boolean, Default: false\n\n  Enable [Travis CI](https://travis-ci.org/) config generation by adding a .travis.yaml file.\n\n * `--gruntfile-path` Type: String, Default: \'\'\n\n  Path to a Gruntfile to edit. This is relative to your generators root directory. In other words, relative to `this.destinationRoot()` path.\n\n * `--base-path` Type: String, Default: \'\'\n\n  Will be used to resolve files and exclude in the `karma.conf.js` file.\n\n * `--web-port` Type: Number, Default: 8080\n\n  Web server port to run Karma from.\n\n * `--template-path` Type: String, Default: \'../templates\'\n\n  If you would like to specify a different template to use, give the path to that folder.\n\n * `--config-file` Type: String, Default: \'\'\n\n  The config file name to write to. Useful if you want a different name like `karma-e2e.conf.js`.\n\n * `--config-path` Type: String, Default: \'./test\'\n\n  Path where the config files should be written to. This is where the `karma.conf.js` file will be placed.\n\n\n## Configuration\n\nKarma can be configured by editing `karma.conf.js`. See the documentation page on the [config file](http://karma-runner.github.com/0.12/config/configuration-file.html) for an exhaustive list of options.\n\n\n## Contribute\n\nSee the [contributing docs](https://github.com/yeoman/yeoman/blob/master/contributing.md)\n\n\n## License\n\n[BSD license](http://opensource.org/licenses/bsd-license.php)\n',
38 silly resolved     readmeFilename: 'readme.md',
38 silly resolved     bugs: { url: 'https://github.com/yeoman/generator-karma/issues' },
38 silly resolved     homepage: 'https://github.com/yeoman/generator-karma',
38 silly resolved     _id: 'generator-karma@0.8.3',
38 silly resolved     _shasum: '6399fda9fc6cbab73568707e83fab73a915acbc8',
38 silly resolved     _from: 'generator-karma@*',
38 silly resolved     _resolved: 'https://registry.npmjs.org/generator-karma/-/generator-karma-0.8.3.tgz' } ]
39 info install generator-karma@0.8.3 into /usr/local/lib
40 info installOne generator-karma@0.8.3
41 verbose lib/node_modules/generator-karma unbuild
42 info preuninstall generator-karma@0.8.3
43 info uninstall generator-karma@0.8.3
44 verbose true,/usr/local/lib/node_modules,/usr/local/lib/node_modules unbuild generator-karma@0.8.3
45 info postuninstall generator-karma@0.8.3
46 verbose gentlyRm vacuuming /usr/local/lib/node_modules/generator-karma
47 silly gentlyRm purging /usr/local/lib/node_modules/generator-karma
48 verbose lib/node_modules/generator-karma unbuild
49 info preuninstall generator-karma@0.8.3
50 info uninstall generator-karma@0.8.3
51 verbose true,/usr/local/lib/node_modules,/usr/local/lib/node_modules unbuild generator-karma@0.8.3
52 info postuninstall generator-karma@0.8.3
53 verbose gentlyRm vacuuming /usr/local/lib/node_modules/generator-karma
54 silly gentlyRm purging /usr/local/lib/node_modules/generator-karma
55 error error rolling back Error: EACCES, unlink '/usr/local/lib/node_modules/generator-karma'
55 error error rolling back  generator-karma@0.8.3 { [Error: EACCES, unlink '/usr/local/lib/node_modules/generator-karma']
55 error error rolling back   errno: 3,
55 error error rolling back   code: 'EACCES',
55 error error rolling back   path: '/usr/local/lib/node_modules/generator-karma' }
56 error Error: EACCES, unlink '/usr/local/lib/node_modules/generator-karma'
56 error  { [Error: EACCES, unlink '/usr/local/lib/node_modules/generator-karma']
56 error   errno: 3,
56 error   code: 'EACCES',
56 error   path: '/usr/local/lib/node_modules/generator-karma' }
57 error Please try running this command again as root/Administrator.
58 error System Darwin 14.0.0
59 error command "node" "/usr/local/bin/npm" "install" "-g" "generator-karma"
60 error cwd /Users/ngmunyong/Sites/lap
61 error node -v v0.10.28
62 error npm -v 2.0.0-alpha-5
63 error path /usr/local/lib/node_modules/generator-karma
64 error code EACCES
65 error errno 3
66 error stack Error: EACCES, unlink '/usr/local/lib/node_modules/generator-karma'
67 verbose exit [ 3, true ]
